{"E:\\Programming\\Application\\elite-potifolio\\Kisakye-Paul-Elite-Portifolio\\src\\App.tsx": {"path":"E:\\Programming\\Application\\elite-potifolio\\Kisakye-Paul-Elite-Portifolio\\src\\App.tsx","statementMap":{"0":{"start":{"line":2,"column":2},"end":{"line":11,"column":null}}},"fnMap":{"0":{"name":"App","decl":{"start":{"line":1,"column":24},"end":{"line":1,"column":30}},"loc":{"start":{"line":1,"column":30},"end":{"line":13,"column":null}},"line":1}},"branchMap":{},"s":{"0":1},"f":{"0":1},"b":{},"meta":{"lastBranch":0,"lastFunction":1,"lastStatement":1,"seen":{"f:1:24:1:30":0,"s:2:2:11:Infinity":0}}}
}
