TN:
SF:src\App.tsx
FN:49,(anonymous_0)
FN:54,(anonymous_1)
FN:75,(anonymous_2)
FN:86,(anonymous_3)
FN:87,(anonymous_4)
FN:93,(anonymous_5)
FN:103,(anonymous_6)
FN:107,(anonymous_7)
FN:125,(anonymous_8)
FN:126,(anonymous_9)
FN:132,(anonymous_10)
FN:137,(anonymous_11)
FN:140,(anonymous_12)
FN:153,(anonymous_13)
FN:157,(anonymous_14)
FN:159,(anonymous_15)
FN:162,(anonymous_16)
FN:166,(anonymous_17)
FN:168,(anonymous_18)
FN:170,(anonymous_19)
FN:174,(anonymous_20)
FN:175,(anonymous_21)
FN:176,(anonymous_22)
FN:201,(anonymous_23)
FN:226,(anonymous_24)
FN:230,(anonymous_25)
FN:244,(anonymous_26)
FN:252,(anonymous_27)
FN:291,(anonymous_28)
FN:297,(anonymous_29)
FN:377,(anonymous_30)
FN:407,(anonymous_31)
FN:431,(anonymous_32)
FN:453,(anonymous_33)
FN:459,(anonymous_34)
FN:495,(anonymous_35)
FN:520,(anonymous_36)
FN:536,(anonymous_37)
FN:562,(anonymous_38)
FN:576,(anonymous_39)
FN:607,(anonymous_40)
FN:652,(anonymous_41)
FN:655,(anonymous_42)
FN:676,(anonymous_43)
FN:704,(anonymous_44)
FN:739,(anonymous_45)
FN:753,(anonymous_46)
FNF:47
FNH:24
FNDA:2,(anonymous_0)
FNDA:1,(anonymous_1)
FNDA:1,(anonymous_2)
FNDA:1,(anonymous_3)
FNDA:1,(anonymous_4)
FNDA:31,(anonymous_5)
FNDA:1,(anonymous_6)
FNDA:1,(anonymous_7)
FNDA:0,(anonymous_8)
FNDA:0,(anonymous_9)
FNDA:9,(anonymous_10)
FNDA:1,(anonymous_11)
FNDA:0,(anonymous_12)
FNDA:0,(anonymous_13)
FNDA:0,(anonymous_14)
FNDA:0,(anonymous_15)
FNDA:0,(anonymous_16)
FNDA:0,(anonymous_17)
FNDA:0,(anonymous_18)
FNDA:0,(anonymous_19)
FNDA:1,(anonymous_20)
FNDA:0,(anonymous_21)
FNDA:1,(anonymous_22)
FNDA:0,(anonymous_23)
FNDA:12,(anonymous_24)
FNDA:0,(anonymous_25)
FNDA:0,(anonymous_26)
FNDA:0,(anonymous_27)
FNDA:0,(anonymous_28)
FNDA:0,(anonymous_29)
FNDA:8,(anonymous_30)
FNDA:20,(anonymous_31)
FNDA:60,(anonymous_32)
FNDA:0,(anonymous_33)
FNDA:0,(anonymous_34)
FNDA:6,(anonymous_35)
FNDA:6,(anonymous_36)
FNDA:0,(anonymous_37)
FNDA:10,(anonymous_38)
FNDA:52,(anonymous_39)
FNDA:8,(anonymous_40)
FNDA:10,(anonymous_41)
FNDA:0,(anonymous_42)
FNDA:10,(anonymous_43)
FNDA:18,(anonymous_44)
FNDA:0,(anonymous_45)
FNDA:0,(anonymous_46)
DA:49,1
DA:50,2
DA:51,2
DA:52,2
DA:53,2
DA:54,2
DA:55,1
DA:56,1
DA:61,2
DA:64,2
DA:67,2
DA:75,2
DA:76,1
DA:77,0
DA:78,0
DA:80,1
DA:81,1
DA:86,2
DA:87,1
DA:88,1
DA:89,1
DA:90,1
DA:92,1
DA:93,1
DA:94,31
DA:95,31
DA:96,31
DA:97,31
DA:101,1
DA:102,1
DA:103,1
DA:107,2
DA:108,1
DA:114,1
DA:125,1
DA:126,0
DA:127,0
DA:131,1
DA:132,1
DA:133,9
DA:134,9
DA:137,1
DA:140,2
DA:141,0
DA:142,0
DA:143,0
DA:144,0
DA:145,0
DA:146,0
DA:153,2
DA:154,0
DA:155,0
DA:156,0
DA:157,0
DA:158,0
DA:159,0
DA:161,0
DA:162,0
DA:166,2
DA:167,0
DA:168,0
DA:170,0
DA:174,2
DA:175,1
DA:176,1
DA:179,2
DA:201,0
DA:227,12
DA:230,0
DA:244,0
DA:252,0
DA:291,0
DA:297,0
DA:378,8
DA:408,20
DA:432,60
DA:453,0
DA:459,0
DA:496,6
DA:521,6
DA:536,0
DA:563,10
DA:564,10
DA:577,52
DA:608,8
DA:653,10
DA:655,0
DA:677,10
DA:705,18
DA:739,0
DA:753,0
LF:91
LH:58
BRDA:57,0,0,1
BRDA:57,0,1,1
BRDA:57,0,2,1
BRDA:76,1,0,0
BRDA:76,1,1,1
BRDA:96,2,0,31
BRDA:96,2,1,0
BRDA:127,3,0,0
BRDA:127,3,1,0
BRDA:134,4,0,9
BRDA:134,4,1,0
BRDA:143,5,0,0
BRDA:143,5,1,0
BRDA:167,6,0,0
BRDA:167,6,1,0
BRDA:232,7,0,0
BRDA:232,7,1,12
BRDA:248,8,0,0
BRDA:248,8,1,2
BRDA:657,9,0,0
BRDA:657,9,1,10
BRDA:663,10,0,8
BRDA:663,10,1,2
BRDA:666,11,0,0
BRDA:666,11,1,10
BRDA:792,12,0,0
BRDA:792,12,1,2
BRDA:794,13,0,2
BRDA:794,13,1,2
BRDA:795,14,0,2
BRDA:795,14,1,0
BRDA:796,15,0,2
BRDA:796,15,1,0
BRF:33
BRH:17
end_of_record
TN:
SF:src\data.ts
FNF:0
FNH:0
DA:11,1
DA:178,1
DA:291,1
DA:319,1
DA:347,1
DA:430,1
LF:6
LH:6
BRF:0
BRH:0
end_of_record
TN:
SF:src\components\CopyButton.tsx
FN:7,(anonymous_0)
FN:10,(anonymous_1)
FN:14,(anonymous_2)
FNF:3
FNH:1
FNDA:10,(anonymous_0)
FNDA:0,(anonymous_1)
FNDA:0,(anonymous_2)
DA:7,1
DA:8,10
DA:10,10
DA:11,0
DA:12,0
DA:13,0
DA:14,0
DA:16,0
DA:20,10
LF:9
LH:4
BRDA:24,0,0,0
BRDA:24,0,1,10
BRDA:29,1,0,0
BRDA:29,1,1,10
BRF:4
BRH:2
end_of_record
TN:
SF:src\components\FloatingActions.tsx
FN:4,(anonymous_0)
FN:7,(anonymous_1)
FN:8,(anonymous_2)
FN:12,(anonymous_3)
FN:15,(anonymous_4)
FN:67,(anonymous_5)
FNF:6
FNH:4
FNDA:2,(anonymous_0)
FNDA:1,(anonymous_1)
FNDA:0,(anonymous_2)
FNDA:1,(anonymous_3)
FNDA:0,(anonymous_4)
FNDA:8,(anonymous_5)
DA:4,1
DA:5,2
DA:7,2
DA:8,1
DA:9,0
DA:11,1
DA:12,1
DA:15,2
DA:16,0
DA:19,2
DA:47,2
DA:68,8
LF:12
LH:10
BRDA:53,0,0,0
BRDA:53,0,1,2
BRDA:71,1,0,2
BRDA:71,1,1,6
BRDA:72,2,0,2
BRDA:72,2,1,6
BRF:6
BRH:5
end_of_record
TN:
SF:src\components\LessonItem.tsx
FN:10,(anonymous_0)
FN:24,(anonymous_1)
FN:49,(anonymous_2)
FN:90,(anonymous_3)
FNF:4
FNH:4
FNDA:18,(anonymous_0)
FNDA:42,(anonymous_1)
FNDA:6,(anonymous_2)
FNDA:12,(anonymous_3)
DA:10,1
DA:11,18
DA:25,42
DA:50,6
DA:91,12
LF:5
LH:5
BRDA:39,0,0,18
BRDA:39,0,1,2
BRDA:57,1,0,18
BRDA:57,1,1,14
BRDA:67,2,0,14
BRDA:67,2,1,10
BRDA:84,3,0,18
BRDA:84,3,1,4
BRF:8
BRH:8
end_of_record
TN:
SF:src\components\StatCounter.tsx
FN:11,(anonymous_0)
FN:26,(anonymous_1)
FN:28,(anonymous_2)
FN:41,(anonymous_3)
FN:44,(anonymous_4)
FN:47,(anonymous_5)
FNF:6
FNH:3
FNDA:8,(anonymous_0)
FNDA:4,(anonymous_1)
FNDA:0,(anonymous_2)
FNDA:4,(anonymous_3)
FNDA:0,(anonymous_4)
FNDA:0,(anonymous_5)
DA:11,1
DA:18,8
DA:19,8
DA:20,8
DA:23,8
DA:24,8
DA:26,8
DA:27,4
DA:29,0
DA:30,0
DA:31,0
DA:37,4
DA:38,4
DA:41,4
DA:44,8
DA:45,0
DA:47,0
DA:48,0
DA:49,0
DA:52,0
DA:54,0
DA:55,0
DA:57,0
DA:58,0
DA:60,0
DA:64,0
DA:67,8
DA:69,8
LF:28
LH:14
BRDA:15,0,0,8
BRDA:29,1,0,0
BRDA:29,1,1,0
BRDA:29,2,0,0
BRDA:29,2,1,0
BRDA:37,3,0,4
BRDA:37,3,1,0
BRDA:48,4,0,0
BRDA:48,4,1,0
BRDA:57,5,0,0
BRDA:57,5,1,0
BRDA:67,6,0,2
BRDA:67,6,1,6
BRDA:75,7,0,8
BRDA:75,7,1,8
BRF:15
BRH:6
end_of_record
TN:
SF:src\components\TestimonialCarousel.tsx
FN:9,(anonymous_0)
FN:18,(anonymous_1)
FN:19,(anonymous_2)
FN:26,(anonymous_3)
FN:38,(anonymous_4)
FN:42,(anonymous_5)
FN:44,(anonymous_6)
FN:47,(anonymous_7)
FN:49,(anonymous_8)
FN:53,(anonymous_9)
FN:58,(anonymous_10)
FN:62,(anonymous_11)
FN:67,(anonymous_12)
FN:71,(anonymous_13)
FN:76,(anonymous_14)
FN:78,(anonymous_15)
FN:79,(anonymous_16)
FN:84,(anonymous_17)
FN:88,(anonymous_18)
FN:108,(anonymous_19)
FN:109,(anonymous_20)
FN:121,(anonymous_21)
FN:134,(anonymous_22)
FN:187,(anonymous_23)
FN:190,(anonymous_24)
FNF:25
FNH:13
FNDA:2,(anonymous_0)
FNDA:1,(anonymous_1)
FNDA:1,(anonymous_2)
FNDA:1,(anonymous_3)
FNDA:1,(anonymous_4)
FNDA:0,(anonymous_5)
FNDA:0,(anonymous_6)
FNDA:0,(anonymous_7)
FNDA:0,(anonymous_8)
FNDA:2,(anonymous_9)
FNDA:0,(anonymous_10)
FNDA:0,(anonymous_11)
FNDA:0,(anonymous_12)
FNDA:1,(anonymous_13)
FNDA:1,(anonymous_14)
FNDA:0,(anonymous_15)
FNDA:0,(anonymous_16)
FNDA:1,(anonymous_17)
FNDA:1,(anonymous_18)
FNDA:0,(anonymous_19)
FNDA:0,(anonymous_20)
FNDA:32,(anonymous_21)
FNDA:160,(anonymous_22)
FNDA:8,(anonymous_23)
FNDA:0,(anonymous_24)
DA:9,1
DA:10,2
DA:11,2
DA:12,2
DA:13,2
DA:15,2
DA:18,2
DA:19,1
DA:20,1
DA:21,0
DA:22,0
DA:24,1
DA:25,1
DA:26,1
DA:31,2
DA:38,2
DA:39,1
DA:42,2
DA:43,0
DA:44,0
DA:47,2
DA:48,0
DA:49,0
DA:53,2
DA:54,2
DA:57,2
DA:58,0
DA:59,0
DA:60,0
DA:62,0
DA:66,2
DA:67,1
DA:68,0
DA:69,0
DA:71,1
DA:76,2
DA:77,1
DA:78,0
DA:79,0
DA:84,2
DA:85,1
DA:86,1
DA:88,1
DA:89,1
DA:93,2
DA:94,2
DA:103,2
DA:105,2
DA:108,0
DA:109,0
DA:122,32
DA:135,160
DA:188,8
DA:190,0
LF:54
LH:37
BRDA:20,0,0,1
BRDA:20,0,1,0
BRDA:20,1,0,0
BRDA:20,1,1,0
BRDA:43,2,0,0
BRDA:43,2,1,0
BRDA:48,3,0,0
BRDA:48,3,1,0
BRDA:57,4,0,0
BRDA:57,4,1,2
BRDA:66,5,0,1
BRDA:66,5,1,1
BRDA:77,6,0,0
BRDA:77,6,1,1
BRDA:85,7,0,1
BRDA:85,7,1,0
BRDA:89,8,0,1
BRDA:89,8,1,0
BRDA:115,9,0,2
BRDA:115,9,1,0
BRDA:192,10,0,2
BRDA:192,10,1,6
BRF:22
BRH:10
end_of_record
